Der Buildvorgang wurde am 20.02.2015 14:50:23 gestartet.
     1>Projekt "C:\Users\Klaus\Documents\GitHub\ParallelComputingHomeworkII\VS Projects\SWE\SWE\SWE.vcxproj" auf Knoten "2", Build Ziel(e).
     1>AddCudaCompileDeps:
         C:\Program Files (x86)\Microsoft Visual Studio 12.0\VC\bin\cl.exe /E /nologo /showIncludes /TP /D__CUDACC__ /DWIN32 /D_DEBUG /D_CONSOLE /D_MBCS /I"C:\Program Files\NVIDIA GPU Computing Toolkit\CUDA\v6.5\include" /I"C:\Program Files\NVIDIA GPU Computing Toolkit\CUDA\v6.5\bin" /I"C:\Program Files\NVIDIA GPU Computing Toolkit\CUDA\v6.5\include" /I. /FIcuda_runtime.h /c C:\Users\Klaus\Documents\GitHub\ParallelComputingHomeworkII\SWE\swe.cu 
       AddCudaCompileDeps:
         C:\Program Files (x86)\Microsoft Visual Studio 12.0\VC\bin\cl.exe /E /nologo /showIncludes /TP /D__CUDACC__ /DWIN32 /D_DEBUG /D_CONSOLE /D_MBCS /I"C:\Program Files\NVIDIA GPU Computing Toolkit\CUDA\v6.5\include" /I"C:\Program Files\NVIDIA GPU Computing Toolkit\CUDA\v6.5\bin" /I"C:\Program Files\NVIDIA GPU Computing Toolkit\CUDA\v6.5\include" /I. /FIcuda_runtime.h /c C:\Users\Klaus\Documents\GitHub\ParallelComputingHomeworkII\SWE\SWE_Block.cu 
       CudaBuild:
         Compiling CUDA source file ..\..\..\SWE\swe.cu...
         cmd.exe /C "C:\Users\Klaus\AppData\Local\Temp\tmpde5a4f653c354108982b79d1ecd311f9.cmd"
         "C:\Program Files\NVIDIA GPU Computing Toolkit\CUDA\v6.5\bin\nvcc.exe" -gencode=arch=compute_20,code=\"sm_20,compute_20\" --use-local-env --cl-version 2013 -ccbin "C:\Program Files (x86)\Microsoft Visual Studio 12.0\VC\bin"  -I"C:\Program Files\NVIDIA GPU Computing Toolkit\CUDA\v6.5\include" -I"C:\Program Files\NVIDIA GPU Computing Toolkit\CUDA\v6.5\include"  -G   --keep-dir Debug -maxrregcount=0  --machine 32 --compile -cudart static  -g   -DWIN32 -D_DEBUG -D_CONSOLE -D_MBCS -Xcompiler "/EHsc /W3 /nologo /Od /Zi /RTC1 /MDd  " -o Debug\swe.cu.obj "C:\Users\Klaus\Documents\GitHub\ParallelComputingHomeworkII\SWE\swe.cu"
         
         C:\Users\Klaus\Documents\GitHub\ParallelComputingHomeworkII\VS Projects\SWE\SWE>"C:\Program Files\NVIDIA GPU Computing Toolkit\CUDA\v6.5\bin\nvcc.exe" -gencode=arch=compute_20,code=\"sm_20,compute_20\" --use-local-env --cl-version 2013 -ccbin "C:\Program Files (x86)\Microsoft Visual Studio 12.0\VC\bin"  -I"C:\Program Files\NVIDIA GPU Computing Toolkit\CUDA\v6.5\include" -I"C:\Program Files\NVIDIA GPU Computing Toolkit\CUDA\v6.5\include"  -G   --keep-dir Debug -maxrregcount=0  --machine 32 --compile -cudart static  -g   -DWIN32 -D_DEBUG -D_CONSOLE -D_MBCS -Xcompiler "/EHsc /W3 /nologo /Od /Zi /RTC1 /MDd  " -o Debug\swe.cu.obj "C:\Users\Klaus\Documents\GitHub\ParallelComputingHomeworkII\SWE\swe.cu" 
         swe.cu
     1>C:/Users/Klaus/Documents/GitHub/ParallelComputingHomeworkII/SWE/swe.cu(43): warning C4244: 'return': Konvertierung von 'double' in 'float', möglicher Datenverlust
     1>C:/Users/Klaus/Documents/GitHub/ParallelComputingHomeworkII/SWE/swe.cu(51): warning C4244: 'return': Konvertierung von 'double' in 'float', möglicher Datenverlust
     1>C:/Users/Klaus/Documents/GitHub/ParallelComputingHomeworkII/SWE/swe.cu(66): warning C4305: 'Argument': Verkürzung von 'double' in 'float'
     1>C:/Users/Klaus/Documents/GitHub/ParallelComputingHomeworkII/SWE/swe.cu(79): warning C4305: 'Initialisierung': Verkürzung von 'double' in 'float'
     1>C:/Users/Klaus/Documents/GitHub/ParallelComputingHomeworkII/SWE/swe.cu(94): warning C4244: 'Argument': Konvertierung von 'double' in 'float', möglicher Datenverlust
       CudaBuild:
         Compiling CUDA source file ..\..\..\SWE\SWE_Block.cu...
         cmd.exe /C "C:\Users\Klaus\AppData\Local\Temp\tmp532cd4a9dd7c4134aa53326b6de76854.cmd"
         "C:\Program Files\NVIDIA GPU Computing Toolkit\CUDA\v6.5\bin\nvcc.exe" -gencode=arch=compute_20,code=\"sm_20,compute_20\" --use-local-env --cl-version 2013 -ccbin "C:\Program Files (x86)\Microsoft Visual Studio 12.0\VC\bin"  -I"C:\Program Files\NVIDIA GPU Computing Toolkit\CUDA\v6.5\include" -I"C:\Program Files\NVIDIA GPU Computing Toolkit\CUDA\v6.5\include"  -G   --keep-dir Debug -maxrregcount=0  --machine 32 --compile -cudart static  -g   -DWIN32 -D_DEBUG -D_CONSOLE -D_MBCS -Xcompiler "/EHsc /W3 /nologo /Od /Zi /RTC1 /MDd  " -o Debug\SWE_Block.cu.obj "C:\Users\Klaus\Documents\GitHub\ParallelComputingHomeworkII\SWE\SWE_Block.cu"
         
         C:\Users\Klaus\Documents\GitHub\ParallelComputingHomeworkII\VS Projects\SWE\SWE>"C:\Program Files\NVIDIA GPU Computing Toolkit\CUDA\v6.5\bin\nvcc.exe" -gencode=arch=compute_20,code=\"sm_20,compute_20\" --use-local-env --cl-version 2013 -ccbin "C:\Program Files (x86)\Microsoft Visual Studio 12.0\VC\bin"  -I"C:\Program Files\NVIDIA GPU Computing Toolkit\CUDA\v6.5\include" -I"C:\Program Files\NVIDIA GPU Computing Toolkit\CUDA\v6.5\include"  -G   --keep-dir Debug -maxrregcount=0  --machine 32 --compile -cudart static  -g   -DWIN32 -D_DEBUG -D_CONSOLE -D_MBCS -Xcompiler "/EHsc /W3 /nologo /Od /Zi /RTC1 /MDd  " -o Debug\SWE_Block.cu.obj "C:\Users\Klaus\Documents\GitHub\ParallelComputingHomeworkII\SWE\SWE_Block.cu" 
         SWE_Block.cu
     1>C:/Users/Klaus/Documents/GitHub/ParallelComputingHomeworkII/SWE/SWE_Block.cu(18): warning C4305: 'Initialisierung': Verkürzung von 'double' in 'float'
     1>C:/Users/Klaus/Documents/GitHub/ParallelComputingHomeworkII/SWE/SWE_Block.cu(19): warning C4305: 'Initialisierung': Verkürzung von 'double' in 'float'
     1>C:/Users/Klaus/Documents/GitHub/ParallelComputingHomeworkII/SWE/SWE_Block.cu(21): warning C4305: 'Initialisierung': Verkürzung von 'double' in 'float'
     1>C:/Users/Klaus/Documents/GitHub/ParallelComputingHomeworkII/SWE/SWE_Block.cu(24): warning C4305: 'Initialisierung': Verkürzung von 'double' in 'const float'
     1>C:/Users/Klaus/Documents/GitHub/ParallelComputingHomeworkII/SWE/SWE_Block.cu(140): warning C4244: 'Argument': Konvertierung von 'double' in 'float', möglicher Datenverlust
     1>C:/Users/Klaus/Documents/GitHub/ParallelComputingHomeworkII/SWE/SWE_Block.cu(157): warning C4244: 'Argument': Konvertierung von 'double' in 'float', möglicher Datenverlust
     1>C:/Users/Klaus/Documents/GitHub/ParallelComputingHomeworkII/SWE/SWE_Block.cu(440): warning C4244: 'return': Konvertierung von 'double' in 'float', möglicher Datenverlust
       Link:
         C:\Program Files (x86)\Microsoft Visual Studio 12.0\VC\bin\link.exe /ERRORREPORT:PROMPT /OUT:"C:\Users\Klaus\Documents\GitHub\ParallelComputingHomeworkII\VS Projects\SWE\Debug\SWE.exe" /INCREMENTAL /NOLOGO /LIBPATH:"C:\Program Files\NVIDIA GPU Computing Toolkit\CUDA\v6.5\lib\Win32" cudart.lib kernel32.lib user32.lib gdi32.lib winspool.lib comdlg32.lib advapi32.lib shell32.lib ole32.lib oleaut32.lib uuid.lib odbc32.lib odbccp32.lib kernel32.lib user32.lib gdi32.lib winspool.lib comdlg32.lib advapi32.lib shell32.lib ole32.lib oleaut32.lib uuid.lib odbc32.lib odbccp32.lib /MANIFEST /MANIFESTUAC:"level='asInvoker' uiAccess='false'" /manifest:embed /DEBUG /PDB:"C:\Users\Klaus\Documents\GitHub\ParallelComputingHomeworkII\VS Projects\SWE\Debug\SWE.pdb" /SUBSYSTEM:CONSOLE /TLBID:1 /DYNAMICBASE /NXCOMPAT /IMPLIB:"C:\Users\Klaus\Documents\GitHub\ParallelComputingHomeworkII\VS Projects\SWE\Debug\SWE.lib" /MACHINE:X86 Debug\swe.cu.obj
         Debug\SWE_Block.cu.obj
         SWE.vcxproj -> C:\Users\Klaus\Documents\GitHub\ParallelComputingHomeworkII\VS Projects\SWE\Debug\SWE.exe
       PostBuildEvent:
         echo copy "C:\Program Files\NVIDIA GPU Computing Toolkit\CUDA\v6.5\bin\cudart*.dll" "C:\Users\Klaus\Documents\GitHub\ParallelComputingHomeworkII\VS Projects\SWE\Debug\"
         copy "C:\Program Files\NVIDIA GPU Computing Toolkit\CUDA\v6.5\bin\cudart*.dll" "C:\Users\Klaus\Documents\GitHub\ParallelComputingHomeworkII\VS Projects\SWE\Debug\"
         :VCEnd
         copy "C:\Program Files\NVIDIA GPU Computing Toolkit\CUDA\v6.5\bin\cudart*.dll" "C:\Users\Klaus\Documents\GitHub\ParallelComputingHomeworkII\VS Projects\SWE\Debug\"
         C:\Program Files\NVIDIA GPU Computing Toolkit\CUDA\v6.5\bin\cudart32_65.dll
         C:\Program Files\NVIDIA GPU Computing Toolkit\CUDA\v6.5\bin\cudart64_65.dll
                 2 Datei(en) kopiert.
     1>Die Erstellung des Projekts "C:\Users\Klaus\Documents\GitHub\ParallelComputingHomeworkII\VS Projects\SWE\SWE\SWE.vcxproj" ist abgeschlossen, Build Ziel(e).

Build erfolgreich.

Verstrichene Zeit 00:00:19.16
